mode: set
filters/app/app/app.go:31.71,38.16 4 0
filters/app/app/app.go:38.16,40.3 1 0
filters/app/app/app.go:41.2,42.16 2 0
filters/app/app/app.go:42.16,44.3 1 0
filters/app/app/app.go:46.2,70.8 6 0
filters/app/app/app.go:73.46,75.22 2 0
filters/app/app/app.go:75.22,77.3 1 0
filters/app/app/app.go:78.2,78.19 1 0
filters/app/app/app.go:81.52,85.16 4 0
filters/app/app/app.go:85.16,87.3 1 0
filters/app/app/app.go:88.2,90.16 3 0
filters/app/app/app.go:90.16,92.3 1 0
filters/app/app/app.go:93.2,93.12 1 0
filters/app/internal/config/config.go:39.26,41.17 1 1
filters/app/internal/config/config.go:41.17,48.52 3 1
filters/app/internal/config/config.go:48.52,53.18 3 0
filters/app/internal/config/config.go:53.18,55.5 1 0
filters/app/internal/config/config.go:56.4,59.18 3 0
filters/app/internal/config/config.go:62.2,62.17 1 1
filters/app/cmd/main.go:15.13,21.16 5 0
filters/app/cmd/main.go:21.16,23.3 1 0
filters/app/cmd/main.go:25.2,34.16 7 0
filters/app/cmd/main.go:34.16,36.3 1 0
filters/app/cmd/main.go:38.2,40.12 2 0
filters/app/gen/proto/filter_message.pb.go:32.38,34.29 2 0
filters/app/gen/proto/filter_message.pb.go:34.29,38.3 3 0
filters/app/gen/proto/filter_message.pb.go:41.46,43.2 1 0
filters/app/gen/proto/filter_message.pb.go:45.44,45.45 0 0
filters/app/gen/proto/filter_message.pb.go:47.66,49.41 2 0
filters/app/gen/proto/filter_message.pb.go:49.41,51.34 2 0
filters/app/gen/proto/filter_message.pb.go:51.34,53.4 1 0
filters/app/gen/proto/filter_message.pb.go:54.3,54.12 1 0
filters/app/gen/proto/filter_message.pb.go:56.2,56.24 1 0
filters/app/gen/proto/filter_message.pb.go:60.57,62.2 1 0
filters/app/gen/proto/filter_message.pb.go:64.53,65.14 1 0
filters/app/gen/proto/filter_message.pb.go:65.14,67.3 1 0
filters/app/gen/proto/filter_message.pb.go:68.2,68.11 1 0
filters/app/gen/proto/filter_message.pb.go:79.39,81.29 2 0
filters/app/gen/proto/filter_message.pb.go:81.29,85.3 3 0
filters/app/gen/proto/filter_message.pb.go:88.47,90.2 1 0
filters/app/gen/proto/filter_message.pb.go:92.45,92.46 0 0
filters/app/gen/proto/filter_message.pb.go:94.67,96.41 2 0
filters/app/gen/proto/filter_message.pb.go:96.41,98.34 2 0
filters/app/gen/proto/filter_message.pb.go:98.34,100.4 1 0
filters/app/gen/proto/filter_message.pb.go:101.3,101.12 1 0
filters/app/gen/proto/filter_message.pb.go:103.2,103.24 1 0
filters/app/gen/proto/filter_message.pb.go:107.58,109.2 1 0
filters/app/gen/proto/filter_message.pb.go:111.52,112.14 1 0
filters/app/gen/proto/filter_message.pb.go:112.14,114.3 1 0
filters/app/gen/proto/filter_message.pb.go:115.2,115.12 1 0
filters/app/gen/proto/filter_message.pb.go:127.37,129.29 2 0
filters/app/gen/proto/filter_message.pb.go:129.29,133.3 3 0
filters/app/gen/proto/filter_message.pb.go:136.45,138.2 1 0
filters/app/gen/proto/filter_message.pb.go:140.43,140.44 0 0
filters/app/gen/proto/filter_message.pb.go:142.65,144.41 2 0
filters/app/gen/proto/filter_message.pb.go:144.41,146.34 2 0
filters/app/gen/proto/filter_message.pb.go:146.34,148.4 1 0
filters/app/gen/proto/filter_message.pb.go:149.3,149.12 1 0
filters/app/gen/proto/filter_message.pb.go:151.2,151.24 1 0
filters/app/gen/proto/filter_message.pb.go:155.56,157.2 1 0
filters/app/gen/proto/filter_message.pb.go:159.51,160.14 1 0
filters/app/gen/proto/filter_message.pb.go:160.14,162.3 1 0
filters/app/gen/proto/filter_message.pb.go:163.2,163.12 1 0
filters/app/gen/proto/filter_message.pb.go:174.38,176.29 2 0
filters/app/gen/proto/filter_message.pb.go:176.29,180.3 3 0
filters/app/gen/proto/filter_message.pb.go:183.46,185.2 1 0
filters/app/gen/proto/filter_message.pb.go:187.44,187.45 0 0
filters/app/gen/proto/filter_message.pb.go:189.66,191.41 2 0
filters/app/gen/proto/filter_message.pb.go:191.41,193.34 2 0
filters/app/gen/proto/filter_message.pb.go:193.34,195.4 1 0
filters/app/gen/proto/filter_message.pb.go:196.3,196.12 1 0
filters/app/gen/proto/filter_message.pb.go:198.2,198.24 1 0
filters/app/gen/proto/filter_message.pb.go:202.57,204.2 1 0
filters/app/gen/proto/filter_message.pb.go:206.55,207.14 1 0
filters/app/gen/proto/filter_message.pb.go:207.14,209.3 1 0
filters/app/gen/proto/filter_message.pb.go:210.2,210.12 1 0
filters/app/gen/proto/filter_message.pb.go:239.53,240.50 1 0
filters/app/gen/proto/filter_message.pb.go:240.50,242.3 1 0
filters/app/gen/proto/filter_message.pb.go:243.2,243.46 1 0
filters/app/gen/proto/filter_message.pb.go:261.13,261.49 1 0
filters/app/gen/proto/filter_message.pb.go:262.39,263.38 1 0
filters/app/gen/proto/filter_message.pb.go:263.38,265.3 1 0
filters/app/gen/proto/filter_message.pb.go:266.2,266.30 1 0
filters/app/gen/proto/filter_message.pb.go:266.30,267.91 1 0
filters/app/gen/proto/filter_message.pb.go:267.91,268.43 1 0
filters/app/gen/proto/filter_message.pb.go:269.11,270.20 1 0
filters/app/gen/proto/filter_message.pb.go:271.11,272.24 1 0
filters/app/gen/proto/filter_message.pb.go:273.11,274.28 1 0
filters/app/gen/proto/filter_message.pb.go:275.12,276.15 1 0
filters/app/gen/proto/filter_message.pb.go:279.3,279.91 1 0
filters/app/gen/proto/filter_message.pb.go:279.91,280.44 1 0
filters/app/gen/proto/filter_message.pb.go:281.11,282.20 1 0
filters/app/gen/proto/filter_message.pb.go:283.11,284.24 1 0
filters/app/gen/proto/filter_message.pb.go:285.11,286.28 1 0
filters/app/gen/proto/filter_message.pb.go:287.12,288.15 1 0
filters/app/gen/proto/filter_message.pb.go:291.3,291.91 1 0
filters/app/gen/proto/filter_message.pb.go:291.91,292.42 1 0
filters/app/gen/proto/filter_message.pb.go:293.11,294.20 1 0
filters/app/gen/proto/filter_message.pb.go:295.11,296.24 1 0
filters/app/gen/proto/filter_message.pb.go:297.11,298.28 1 0
filters/app/gen/proto/filter_message.pb.go:299.12,300.15 1 0
filters/app/gen/proto/filter_message.pb.go:303.3,303.91 1 0
filters/app/gen/proto/filter_message.pb.go:303.91,304.43 1 0
filters/app/gen/proto/filter_message.pb.go:305.11,306.20 1 0
filters/app/gen/proto/filter_message.pb.go:307.11,308.24 1 0
filters/app/gen/proto/filter_message.pb.go:309.11,310.28 1 0
filters/app/gen/proto/filter_message.pb.go:311.12,312.15 1 0
filters/app/gen/proto/filter_message.pb.go:316.2,333.41 6 0
filters/app/gen/proto/filter_service.pb.go:60.13,60.49 1 0
filters/app/gen/proto/filter_service.pb.go:61.39,62.38 1 0
filters/app/gen/proto/filter_service.pb.go:62.38,64.3 1 0
filters/app/gen/proto/filter_service.pb.go:65.2,82.41 7 0
filters/app/gen/proto/filter_service_grpc.pb.go:33.78,35.2 1 0
filters/app/gen/proto/filter_service_grpc.pb.go:37.147,40.16 3 0
filters/app/gen/proto/filter_service_grpc.pb.go:40.16,42.3 1 0
filters/app/gen/proto/filter_service_grpc.pb.go:43.2,43.17 1 0
filters/app/gen/proto/filter_service_grpc.pb.go:46.144,49.16 3 0
filters/app/gen/proto/filter_service_grpc.pb.go:49.16,51.3 1 0
filters/app/gen/proto/filter_service_grpc.pb.go:52.2,52.17 1 0
filters/app/gen/proto/filter_service_grpc.pb.go:68.125,70.2 1 0
filters/app/gen/proto/filter_service_grpc.pb.go:71.122,73.2 1 0
filters/app/gen/proto/filter_service_grpc.pb.go:74.86,74.87 0 0
filters/app/gen/proto/filter_service_grpc.pb.go:83.84,85.2 1 0
filters/app/gen/proto/filter_service_grpc.pb.go:87.174,89.32 2 0
filters/app/gen/proto/filter_service_grpc.pb.go:89.32,91.3 1 0
filters/app/gen/proto/filter_service_grpc.pb.go:92.2,92.24 1 0
filters/app/gen/proto/filter_service_grpc.pb.go:92.24,94.3 1 0
filters/app/gen/proto/filter_service_grpc.pb.go:95.2,99.77 2 0
filters/app/gen/proto/filter_service_grpc.pb.go:99.77,101.3 1 0
filters/app/gen/proto/filter_service_grpc.pb.go:102.2,102.44 1 0
filters/app/gen/proto/filter_service_grpc.pb.go:105.173,107.32 2 0
filters/app/gen/proto/filter_service_grpc.pb.go:107.32,109.3 1 0
filters/app/gen/proto/filter_service_grpc.pb.go:110.2,110.24 1 0
filters/app/gen/proto/filter_service_grpc.pb.go:110.24,112.3 1 0
filters/app/gen/proto/filter_service_grpc.pb.go:113.2,117.77 2 0
filters/app/gen/proto/filter_service_grpc.pb.go:117.77,119.3 1 0
filters/app/gen/proto/filter_service_grpc.pb.go:120.2,120.44 1 0
filters/app/internal/data_provider/filter_data_provider/filter_data_provider.go:27.70,29.2 1 1
filters/app/internal/data_provider/filter_data_provider/filter_data_provider.go:31.100,34.16 2 1
filters/app/internal/data_provider/filter_data_provider/filter_data_provider.go:34.16,39.3 3 0
filters/app/internal/data_provider/filter_data_provider/filter_data_provider.go:42.2,43.16 2 1
filters/app/internal/data_provider/filter_data_provider/filter_data_provider.go:43.16,45.3 1 0
filters/app/internal/data_provider/filter_data_provider/filter_data_provider.go:46.2,49.18 3 1
filters/app/internal/data_provider/filter_data_provider/filter_data_provider.go:49.18,51.42 2 1
filters/app/internal/data_provider/filter_data_provider/filter_data_provider.go:51.42,53.4 1 0
filters/app/internal/data_provider/filter_data_provider/filter_data_provider.go:54.3,54.30 1 1
filters/app/internal/data_provider/filter_data_provider/filter_data_provider.go:58.2,61.19 3 1
filters/app/internal/data_provider/filter_data_provider/filter_data_provider.go:64.97,66.33 2 1
filters/app/internal/data_provider/filter_data_provider/filter_data_provider.go:66.33,68.3 1 1
filters/app/internal/data_provider/filter_data_provider/filter_data_provider.go:69.2,83.16 4 1
filters/app/internal/data_provider/filter_data_provider/filter_data_provider.go:83.16,85.3 1 0
filters/app/internal/data_provider/filter_data_provider/filter_data_provider.go:86.2,89.33 3 1
filters/app/internal/data_provider/filter_data_provider/filter_data_provider.go:89.33,91.3 1 1
filters/app/internal/data_provider/filter_data_provider/filter_data_provider.go:93.2,93.18 1 1
filters/app/internal/data_provider/filter_data_provider/filter_data_provider.go:93.18,96.56 3 1
filters/app/internal/data_provider/filter_data_provider/filter_data_provider.go:96.56,98.4 1 0
filters/app/internal/data_provider/filter_data_provider/filter_data_provider.go:99.3,99.35 1 1
filters/app/internal/data_provider/filter_data_provider/filter_data_provider.go:102.2,103.33 2 1
filters/app/internal/data_provider/filter_data_provider/filter_data_provider.go:103.33,105.3 1 1
filters/app/internal/data_provider/filter_data_provider/filter_data_provider.go:107.2,107.25 1 1
filters/app/gen/proto/filter_message.pb.go:32.38,34.29 2 0
filters/app/gen/proto/filter_message.pb.go:34.29,38.3 3 0
filters/app/gen/proto/filter_message.pb.go:41.46,43.2 1 0
filters/app/gen/proto/filter_message.pb.go:45.44,45.45 0 0
filters/app/gen/proto/filter_message.pb.go:47.66,49.41 2 0
filters/app/gen/proto/filter_message.pb.go:49.41,51.34 2 0
filters/app/gen/proto/filter_message.pb.go:51.34,53.4 1 0
filters/app/gen/proto/filter_message.pb.go:54.3,54.12 1 0
filters/app/gen/proto/filter_message.pb.go:56.2,56.24 1 0
filters/app/gen/proto/filter_message.pb.go:60.57,62.2 1 0
filters/app/gen/proto/filter_message.pb.go:64.53,65.14 1 0
filters/app/gen/proto/filter_message.pb.go:65.14,67.3 1 0
filters/app/gen/proto/filter_message.pb.go:68.2,68.11 1 0
filters/app/gen/proto/filter_message.pb.go:79.39,81.29 2 0
filters/app/gen/proto/filter_message.pb.go:81.29,85.3 3 0
filters/app/gen/proto/filter_message.pb.go:88.47,90.2 1 0
filters/app/gen/proto/filter_message.pb.go:92.45,92.46 0 0
filters/app/gen/proto/filter_message.pb.go:94.67,96.41 2 0
filters/app/gen/proto/filter_message.pb.go:96.41,98.34 2 0
filters/app/gen/proto/filter_message.pb.go:98.34,100.4 1 0
filters/app/gen/proto/filter_message.pb.go:101.3,101.12 1 0
filters/app/gen/proto/filter_message.pb.go:103.2,103.24 1 0
filters/app/gen/proto/filter_message.pb.go:107.58,109.2 1 0
filters/app/gen/proto/filter_message.pb.go:111.52,112.14 1 0
filters/app/gen/proto/filter_message.pb.go:112.14,114.3 1 0
filters/app/gen/proto/filter_message.pb.go:115.2,115.12 1 0
filters/app/gen/proto/filter_message.pb.go:127.37,129.29 2 0
filters/app/gen/proto/filter_message.pb.go:129.29,133.3 3 0
filters/app/gen/proto/filter_message.pb.go:136.45,138.2 1 0
filters/app/gen/proto/filter_message.pb.go:140.43,140.44 0 0
filters/app/gen/proto/filter_message.pb.go:142.65,144.41 2 0
filters/app/gen/proto/filter_message.pb.go:144.41,146.34 2 0
filters/app/gen/proto/filter_message.pb.go:146.34,148.4 1 0
filters/app/gen/proto/filter_message.pb.go:149.3,149.12 1 0
filters/app/gen/proto/filter_message.pb.go:151.2,151.24 1 0
filters/app/gen/proto/filter_message.pb.go:155.56,157.2 1 0
filters/app/gen/proto/filter_message.pb.go:159.51,160.14 1 0
filters/app/gen/proto/filter_message.pb.go:160.14,162.3 1 0
filters/app/gen/proto/filter_message.pb.go:163.2,163.12 1 0
filters/app/gen/proto/filter_message.pb.go:174.38,176.29 2 0
filters/app/gen/proto/filter_message.pb.go:176.29,180.3 3 0
filters/app/gen/proto/filter_message.pb.go:183.46,185.2 1 0
filters/app/gen/proto/filter_message.pb.go:187.44,187.45 0 0
filters/app/gen/proto/filter_message.pb.go:189.66,191.41 2 0
filters/app/gen/proto/filter_message.pb.go:191.41,193.34 2 0
filters/app/gen/proto/filter_message.pb.go:193.34,195.4 1 0
filters/app/gen/proto/filter_message.pb.go:196.3,196.12 1 0
filters/app/gen/proto/filter_message.pb.go:198.2,198.24 1 0
filters/app/gen/proto/filter_message.pb.go:202.57,204.2 1 0
filters/app/gen/proto/filter_message.pb.go:206.55,207.14 1 0
filters/app/gen/proto/filter_message.pb.go:207.14,209.3 1 0
filters/app/gen/proto/filter_message.pb.go:210.2,210.12 1 0
filters/app/gen/proto/filter_message.pb.go:239.53,240.50 1 0
filters/app/gen/proto/filter_message.pb.go:240.50,242.3 1 0
filters/app/gen/proto/filter_message.pb.go:243.2,243.46 1 0
filters/app/gen/proto/filter_message.pb.go:261.13,261.49 1 1
filters/app/gen/proto/filter_message.pb.go:262.39,263.38 1 1
filters/app/gen/proto/filter_message.pb.go:263.38,265.3 1 1
filters/app/gen/proto/filter_message.pb.go:266.2,266.30 1 1
filters/app/gen/proto/filter_message.pb.go:266.30,267.91 1 0
filters/app/gen/proto/filter_message.pb.go:267.91,268.43 1 0
filters/app/gen/proto/filter_message.pb.go:269.11,270.20 1 0
filters/app/gen/proto/filter_message.pb.go:271.11,272.24 1 0
filters/app/gen/proto/filter_message.pb.go:273.11,274.28 1 0
filters/app/gen/proto/filter_message.pb.go:275.12,276.15 1 0
filters/app/gen/proto/filter_message.pb.go:279.3,279.91 1 0
filters/app/gen/proto/filter_message.pb.go:279.91,280.44 1 0
filters/app/gen/proto/filter_message.pb.go:281.11,282.20 1 0
filters/app/gen/proto/filter_message.pb.go:283.11,284.24 1 0
filters/app/gen/proto/filter_message.pb.go:285.11,286.28 1 0
filters/app/gen/proto/filter_message.pb.go:287.12,288.15 1 0
filters/app/gen/proto/filter_message.pb.go:291.3,291.91 1 0
filters/app/gen/proto/filter_message.pb.go:291.91,292.42 1 0
filters/app/gen/proto/filter_message.pb.go:293.11,294.20 1 0
filters/app/gen/proto/filter_message.pb.go:295.11,296.24 1 0
filters/app/gen/proto/filter_message.pb.go:297.11,298.28 1 0
filters/app/gen/proto/filter_message.pb.go:299.12,300.15 1 0
filters/app/gen/proto/filter_message.pb.go:303.3,303.91 1 0
filters/app/gen/proto/filter_message.pb.go:303.91,304.43 1 0
filters/app/gen/proto/filter_message.pb.go:305.11,306.20 1 0
filters/app/gen/proto/filter_message.pb.go:307.11,308.24 1 0
filters/app/gen/proto/filter_message.pb.go:309.11,310.28 1 0
filters/app/gen/proto/filter_message.pb.go:311.12,312.15 1 0
filters/app/gen/proto/filter_message.pb.go:316.2,333.41 6 1
filters/app/gen/proto/filter_service.pb.go:60.13,60.49 1 1
filters/app/gen/proto/filter_service.pb.go:61.39,62.38 1 1
filters/app/gen/proto/filter_service.pb.go:62.38,64.3 1 0
filters/app/gen/proto/filter_service.pb.go:65.2,82.41 7 1
filters/app/gen/proto/filter_service_grpc.pb.go:33.78,35.2 1 0
filters/app/gen/proto/filter_service_grpc.pb.go:37.147,40.16 3 0
filters/app/gen/proto/filter_service_grpc.pb.go:40.16,42.3 1 0
filters/app/gen/proto/filter_service_grpc.pb.go:43.2,43.17 1 0
filters/app/gen/proto/filter_service_grpc.pb.go:46.144,49.16 3 0
filters/app/gen/proto/filter_service_grpc.pb.go:49.16,51.3 1 0
filters/app/gen/proto/filter_service_grpc.pb.go:52.2,52.17 1 0
filters/app/gen/proto/filter_service_grpc.pb.go:68.125,70.2 1 0
filters/app/gen/proto/filter_service_grpc.pb.go:71.122,73.2 1 0
filters/app/gen/proto/filter_service_grpc.pb.go:74.86,74.87 0 0
filters/app/gen/proto/filter_service_grpc.pb.go:83.84,85.2 1 0
filters/app/gen/proto/filter_service_grpc.pb.go:87.174,89.32 2 0
filters/app/gen/proto/filter_service_grpc.pb.go:89.32,91.3 1 0
filters/app/gen/proto/filter_service_grpc.pb.go:92.2,92.24 1 0
filters/app/gen/proto/filter_service_grpc.pb.go:92.24,94.3 1 0
filters/app/gen/proto/filter_service_grpc.pb.go:95.2,99.77 2 0
filters/app/gen/proto/filter_service_grpc.pb.go:99.77,101.3 1 0
filters/app/gen/proto/filter_service_grpc.pb.go:102.2,102.44 1 0
filters/app/gen/proto/filter_service_grpc.pb.go:105.173,107.32 2 0
filters/app/gen/proto/filter_service_grpc.pb.go:107.32,109.3 1 0
filters/app/gen/proto/filter_service_grpc.pb.go:110.2,110.24 1 0
filters/app/gen/proto/filter_service_grpc.pb.go:110.24,112.3 1 0
filters/app/gen/proto/filter_service_grpc.pb.go:113.2,117.77 2 0
filters/app/gen/proto/filter_service_grpc.pb.go:117.77,119.3 1 0
filters/app/gen/proto/filter_service_grpc.pb.go:120.2,120.44 1 0
filters/app/internal/domain/service/filter_service/filter_service.go:31.126,37.2 1 1
filters/app/internal/domain/service/filter_service/filter_service.go:39.129,41.9 2 1
filters/app/internal/domain/service/filter_service/filter_service.go:41.9,44.3 2 0
filters/app/internal/domain/service/filter_service/filter_service.go:46.2,47.22 2 1
filters/app/internal/domain/service/filter_service/filter_service.go:47.22,50.3 2 0
filters/app/internal/domain/service/filter_service/filter_service.go:52.2,54.16 3 1
filters/app/internal/domain/service/filter_service/filter_service.go:54.16,57.3 2 0
filters/app/internal/domain/service/filter_service/filter_service.go:59.2,59.16 1 1
filters/app/internal/domain/service/filter_service/filter_service.go:59.16,62.3 2 0
filters/app/internal/domain/service/filter_service/filter_service.go:65.2,66.16 2 1
filters/app/internal/domain/service/filter_service/filter_service.go:66.16,69.3 2 0
filters/app/internal/domain/service/filter_service/filter_service.go:72.2,74.8 1 1
filters/app/internal/domain/service/filter_service/filter_service.go:77.126,79.9 2 1
filters/app/internal/domain/service/filter_service/filter_service.go:79.9,82.3 2 0
filters/app/internal/domain/service/filter_service/filter_service.go:84.2,85.22 2 1
filters/app/internal/domain/service/filter_service/filter_service.go:85.22,88.3 2 0
filters/app/internal/domain/service/filter_service/filter_service.go:90.2,92.16 3 1
filters/app/internal/domain/service/filter_service/filter_service.go:92.16,95.3 2 0
filters/app/internal/domain/service/filter_service/filter_service.go:97.2,97.16 1 1
filters/app/internal/domain/service/filter_service/filter_service.go:97.16,100.3 2 0
filters/app/internal/domain/service/filter_service/filter_service.go:102.2,102.41 1 1
filters/app/internal/domain/service/filter_service/filter_service.go:102.41,105.3 2 0
filters/app/internal/domain/service/filter_service/filter_service.go:108.2,109.16 2 1
filters/app/internal/domain/service/filter_service/filter_service.go:109.16,112.3 2 0
filters/app/internal/domain/service/filter_service/filter_service.go:115.2,116.35 2 1
filters/app/internal/domain/service/filter_service/filter_service.go:116.35,118.3 1 1
filters/app/internal/domain/service/filter_service/filter_service.go:120.2,122.8 1 1
