mode: set
filters/app/internal/config/config.go:39.26,41.17 1 1
filters/app/internal/config/config.go:41.17,48.52 3 1
filters/app/internal/config/config.go:48.52,53.18 3 0
filters/app/internal/config/config.go:53.18,55.5 1 0
filters/app/internal/config/config.go:56.4,59.18 3 0
filters/app/internal/config/config.go:62.2,62.17 1 1
filters/app/internal/domain/service/filter_service/filter_service.go:33.126,39.2 1 1
filters/app/internal/domain/service/filter_service/filter_service.go:41.129,43.9 2 1
filters/app/internal/domain/service/filter_service/filter_service.go:43.9,46.3 2 0
filters/app/internal/domain/service/filter_service/filter_service.go:48.2,49.22 2 1
filters/app/internal/domain/service/filter_service/filter_service.go:49.22,52.3 2 0
filters/app/internal/domain/service/filter_service/filter_service.go:54.2,56.16 3 1
filters/app/internal/domain/service/filter_service/filter_service.go:56.16,59.3 2 0
filters/app/internal/domain/service/filter_service/filter_service.go:61.2,61.16 1 1
filters/app/internal/domain/service/filter_service/filter_service.go:61.16,64.3 2 0
filters/app/internal/domain/service/filter_service/filter_service.go:67.2,68.16 2 1
filters/app/internal/domain/service/filter_service/filter_service.go:68.16,71.3 2 0
filters/app/internal/domain/service/filter_service/filter_service.go:74.2,76.8 1 1
filters/app/internal/domain/service/filter_service/filter_service.go:79.126,81.9 2 1
filters/app/internal/domain/service/filter_service/filter_service.go:81.9,84.3 2 0
filters/app/internal/domain/service/filter_service/filter_service.go:86.2,87.22 2 1
filters/app/internal/domain/service/filter_service/filter_service.go:87.22,90.3 2 0
filters/app/internal/domain/service/filter_service/filter_service.go:92.2,94.16 3 1
filters/app/internal/domain/service/filter_service/filter_service.go:94.16,97.3 2 0
filters/app/internal/domain/service/filter_service/filter_service.go:99.2,99.16 1 1
filters/app/internal/domain/service/filter_service/filter_service.go:99.16,102.3 2 0
filters/app/internal/domain/service/filter_service/filter_service.go:104.2,104.27 1 1
filters/app/internal/domain/service/filter_service/filter_service.go:104.27,107.3 2 0
filters/app/internal/domain/service/filter_service/filter_service.go:110.2,111.16 2 1
filters/app/internal/domain/service/filter_service/filter_service.go:111.16,114.3 2 0
filters/app/internal/domain/service/filter_service/filter_service.go:117.2,118.35 2 1
filters/app/internal/domain/service/filter_service/filter_service.go:118.35,120.3 1 1
filters/app/internal/domain/service/filter_service/filter_service.go:122.2,124.8 1 1
filters/app/internal/domain/service/filter_service/filter_service.go:127.141,129.9 2 1
filters/app/internal/domain/service/filter_service/filter_service.go:129.9,132.3 2 0
filters/app/internal/domain/service/filter_service/filter_service.go:134.2,135.22 2 1
filters/app/internal/domain/service/filter_service/filter_service.go:135.22,138.3 2 0
filters/app/internal/domain/service/filter_service/filter_service.go:140.2,142.16 3 1
filters/app/internal/domain/service/filter_service/filter_service.go:142.16,145.3 2 0
filters/app/internal/domain/service/filter_service/filter_service.go:147.2,147.16 1 1
filters/app/internal/domain/service/filter_service/filter_service.go:147.16,150.3 2 0
filters/app/internal/domain/service/filter_service/filter_service.go:152.2,152.23 1 1
filters/app/internal/domain/service/filter_service/filter_service.go:152.23,155.3 2 0
filters/app/internal/domain/service/filter_service/filter_service.go:157.2,158.16 2 1
filters/app/internal/domain/service/filter_service/filter_service.go:158.16,161.3 2 1
filters/app/internal/domain/service/filter_service/filter_service.go:162.2,162.57 1 1
filters/app/internal/domain/service/filter_service/filter_service.go:165.141,167.9 2 1
filters/app/internal/domain/service/filter_service/filter_service.go:167.9,170.3 2 0
filters/app/internal/domain/service/filter_service/filter_service.go:172.2,173.22 2 1
filters/app/internal/domain/service/filter_service/filter_service.go:173.22,176.3 2 0
filters/app/internal/domain/service/filter_service/filter_service.go:178.2,180.16 3 1
filters/app/internal/domain/service/filter_service/filter_service.go:180.16,183.3 2 0
filters/app/internal/domain/service/filter_service/filter_service.go:185.2,185.16 1 1
filters/app/internal/domain/service/filter_service/filter_service.go:185.16,188.3 2 0
filters/app/internal/domain/service/filter_service/filter_service.go:190.2,190.29 1 1
filters/app/internal/domain/service/filter_service/filter_service.go:190.29,193.3 2 0
filters/app/internal/domain/service/filter_service/filter_service.go:196.2,197.16 2 1
filters/app/internal/domain/service/filter_service/filter_service.go:197.16,200.3 2 0
filters/app/internal/domain/service/filter_service/filter_service.go:202.2,202.26 1 1
filters/app/internal/data_provider/filter_data_provider/filter_data_provider.go:33.70,35.2 1 1
filters/app/internal/data_provider/filter_data_provider/filter_data_provider.go:37.100,40.16 2 1
filters/app/internal/data_provider/filter_data_provider/filter_data_provider.go:40.16,45.3 3 0
filters/app/internal/data_provider/filter_data_provider/filter_data_provider.go:48.2,49.16 2 1
filters/app/internal/data_provider/filter_data_provider/filter_data_provider.go:49.16,51.3 1 0
filters/app/internal/data_provider/filter_data_provider/filter_data_provider.go:52.2,55.18 3 1
filters/app/internal/data_provider/filter_data_provider/filter_data_provider.go:55.18,57.42 2 1
filters/app/internal/data_provider/filter_data_provider/filter_data_provider.go:57.42,59.4 1 0
filters/app/internal/data_provider/filter_data_provider/filter_data_provider.go:60.3,60.30 1 1
filters/app/internal/data_provider/filter_data_provider/filter_data_provider.go:64.2,67.19 3 1
filters/app/internal/data_provider/filter_data_provider/filter_data_provider.go:70.97,72.33 2 1
filters/app/internal/data_provider/filter_data_provider/filter_data_provider.go:72.33,74.3 1 1
filters/app/internal/data_provider/filter_data_provider/filter_data_provider.go:75.2,89.16 4 1
filters/app/internal/data_provider/filter_data_provider/filter_data_provider.go:89.16,91.3 1 0
filters/app/internal/data_provider/filter_data_provider/filter_data_provider.go:92.2,95.33 3 1
filters/app/internal/data_provider/filter_data_provider/filter_data_provider.go:95.33,97.3 1 1
filters/app/internal/data_provider/filter_data_provider/filter_data_provider.go:99.2,99.18 1 1
filters/app/internal/data_provider/filter_data_provider/filter_data_provider.go:99.18,102.56 3 1
filters/app/internal/data_provider/filter_data_provider/filter_data_provider.go:102.56,104.4 1 0
filters/app/internal/data_provider/filter_data_provider/filter_data_provider.go:105.3,105.35 1 1
filters/app/internal/data_provider/filter_data_provider/filter_data_provider.go:108.2,109.33 2 1
filters/app/internal/data_provider/filter_data_provider/filter_data_provider.go:109.33,111.3 1 1
filters/app/internal/data_provider/filter_data_provider/filter_data_provider.go:113.2,113.25 1 1
filters/app/internal/data_provider/filter_data_provider/filter_data_provider.go:116.111,134.16 3 1
filters/app/internal/data_provider/filter_data_provider/filter_data_provider.go:134.16,136.3 1 0
filters/app/internal/data_provider/filter_data_provider/filter_data_provider.go:137.2,140.18 3 1
filters/app/internal/data_provider/filter_data_provider/filter_data_provider.go:140.18,142.88 2 1
filters/app/internal/data_provider/filter_data_provider/filter_data_provider.go:142.88,144.4 1 0
filters/app/internal/data_provider/filter_data_provider/filter_data_provider.go:145.3,145.34 1 1
filters/app/internal/data_provider/filter_data_provider/filter_data_provider.go:148.2,148.34 1 1
filters/app/internal/data_provider/filter_data_provider/filter_data_provider.go:148.34,150.3 1 0
filters/app/internal/data_provider/filter_data_provider/filter_data_provider.go:152.2,152.20 1 1
filters/app/internal/data_provider/filter_data_provider/filter_data_provider.go:155.135,158.35 2 1
filters/app/internal/data_provider/filter_data_provider/filter_data_provider.go:158.35,160.3 1 1
filters/app/internal/data_provider/filter_data_provider/filter_data_provider.go:161.2,179.16 4 1
filters/app/internal/data_provider/filter_data_provider/filter_data_provider.go:179.16,181.3 1 0
filters/app/internal/data_provider/filter_data_provider/filter_data_provider.go:182.2,185.18 3 1
filters/app/internal/data_provider/filter_data_provider/filter_data_provider.go:185.18,188.17 3 1
filters/app/internal/data_provider/filter_data_provider/filter_data_provider.go:188.17,190.4 1 0
filters/app/internal/data_provider/filter_data_provider/filter_data_provider.go:191.3,191.50 1 1
filters/app/internal/data_provider/filter_data_provider/filter_data_provider.go:194.2,194.34 1 1
filters/app/internal/data_provider/filter_data_provider/filter_data_provider.go:194.34,196.3 1 0
filters/app/internal/data_provider/filter_data_provider/filter_data_provider.go:198.2,198.18 1 1
